{
	"Instances": {
		"Instance": [
			{
				"AutoReleaseTime": "",
				"ClusterId": "",
				"Cpu": 1,
				"CpuOptions": {
					"CoreCount": 1,
					"Numa": "",
					"ThreadsPerCore": 1
				},
				"CreationTime": "2021-08-13T18:12Z",
				"CreditSpecification": "",
				"DedicatedHostAttribute": {
					"DedicatedHostClusterId": "",
					"DedicatedHostId": "",
					"DedicatedHostName": ""
				},
				"DedicatedInstanceAttribute": {
					"Affinity": "",
					"Tenancy": ""
				},
				"DeletionProtection": false,
				"DeploymentSetId": "",
				"Description": "Ali-VM02",
				"DeviceAvailable": true,
				"EcsCapacityReservationAttr": {
					"CapacityReservationId": "",
					"CapacityReservationPreference": ""
				},
				"EipAddress": {
					"AllocationId": "",
					"InternetChargeType": "",
					"IpAddress": ""
				},
				"ExpiredTime": "2022-03-14T16:00Z",
				"GPUAmount": 0,
				"GPUSpec": "",
				"HibernationOptions": {
					"Configured": false
				},
				"HostName": "Ali-VM02",
				"ImageId": "m-8vb2f4jtd0in6od8qvt4",
				"InnerIpAddress": {
					"IpAddress": []
				},
				"InstanceChargeType": "PrePaid",
				"InstanceId": "i-8vb6lulg39p8fky7eya0",
				"InstanceName": "Ali-VM02",
				"InstanceNetworkType": "vpc",
				"InstanceType": "ecs.s6-c1m2.small",
				"InstanceTypeFamily": "ecs.s6",
				"InternetChargeType": "PayByBandwidth",
				"InternetMaxBandwidthIn": 100,
				"InternetMaxBandwidthOut": 1,
				"IoOptimized": true,
				"Memory": 2048,
				"MetadataOptions": {
					"HttpEndpoint": "",
					"HttpTokens": ""
				},
				"NetworkInterfaces": {
					"NetworkInterface": [
						{
							"MacAddress": "00:16:3e:04:cd:a2",
							"NetworkInterfaceId": "eni-8vb4oel104z7z1wy29di",
							"PrimaryIpAddress": "172.30.2.172",
							"PrivateIpSets": {
								"PrivateIpSet": [
									{
										"Primary": true,
										"PrivateIpAddress": "172.30.2.172"
									}
								]
							},
							"Type": "Primary"
						}
					]
				},
				"OSName": "CentOS  8.4 64位",
				"OSNameEn": "CentOS  8.4 64 bit",
				"OSType": "linux",
				"OperationLocks": {
					"LockReason": []
				},
				"PublicIpAddress": {
					"IpAddress": [
						"39.99.153.25"
					]
				},
				"Recyclable": false,
				"RegionId": "cn-zhangjiakou",
				"ResourceGroupId": "",
				"SaleCycle": "",
				"SecurityGroupIds": {
					"SecurityGroupId": [
						"sg-8vb87jnn7iq7gzp6d01q"
					]
				},
				"SerialNumber": "98c01f02-4120-4158-a046-3903bc3a3cd6",
				"SpotPriceLimit": 0,
				"SpotStrategy": "NoSpot",
				"StartTime": "2021-11-11T04:19Z",
				"Status": "Running",
				"StoppedMode": "Not-applicable",
				"Tags": {
					"Tag": [
						{
							"TagKey": "主机名",
							"TagValue": "VM02"
						}
					]
				},
				"VlanId": "",
				"VpcAttributes": {
					"NatIpAddress": "",
					"PrivateIpAddress": {
						"IpAddress": [
							"172.30.2.172"
						]
					},
					"VSwitchId": "vsw-8vbn0qdm4x187nnxcjadp",
					"VpcId": "vpc-8vbnw6ctxc4bytuozzv3m"
				},
				"ZoneId": "cn-zhangjiakou-b"
			}
		]
	},
	"NextToken": "",
	"PageNumber": 1,
	"PageSize": 10,
	"RequestId": "CDEB8672-0381-515E-B6E1-89B3A2823576",
	"TotalCount": 1
}
