{
	"Instances": {
		"Instance": [
			{
				"AutoReleaseTime": "2021-11-12T20:59Z",
				"ClusterId": "",
				"Cpu": 1,
				"CpuOptions": {
					"CoreCount": 1,
					"Numa": "",
					"ThreadsPerCore": 1
				},
				"CreationTime": "2021-11-11T02:07Z",
				"CreditSpecification": "",
				"DedicatedHostAttribute": {
					"DedicatedHostClusterId": "",
					"DedicatedHostId": "",
					"DedicatedHostName": ""
				},
				"DedicatedInstanceAttribute": {
					"Affinity": "",
					"Tenancy": ""
				},
				"DeletionProtection": false,
				"DeploymentSetId": "",
				"Description": "",
				"DeviceAvailable": true,
				"EcsCapacityReservationAttr": {
					"CapacityReservationId": "",
					"CapacityReservationPreference": ""
				},
				"EipAddress": {
					"AllocationId": "",
					"InternetChargeType": "",
					"IpAddress": ""
				},
				"ExpiredTime": "2099-12-31T15:59Z",
				"GPUAmount": 0,
				"GPUSpec": "",
				"HibernationOptions": {
					"Configured": false
				},
				"HostName": "iZ8vbc5lhgtc55hya7zuvqZ",
				"ImageId": "m-8vbc0b59ttsucn9qfvxf",
				"InnerIpAddress": {
					"IpAddress": []
				},
				"InstanceChargeType": "PostPaid",
				"InstanceId": "i-8vbc5lhgtc55hya7zuvq",
				"InstanceName": "Lab-vm03",
				"InstanceNetworkType": "vpc",
				"InstanceType": "ecs.s6-c1m2.small",
				"InstanceTypeFamily": "ecs.s6",
				"InternetChargeType": "PayByTraffic",
				"InternetMaxBandwidthIn": 0,
				"InternetMaxBandwidthOut": 0,
				"IoOptimized": true,
				"Memory": 2048,
				"MetadataOptions": {
					"HttpEndpoint": "",
					"HttpTokens": ""
				},
				"NetworkInterfaces": {
					"NetworkInterface": [
						{
							"MacAddress": "00:16:3e:14:1d:22",
							"NetworkInterfaceId": "eni-8vbeftcrnmqvj3k13wfk",
							"PrimaryIpAddress": "172.30.2.176",
							"PrivateIpSets": {
								"PrivateIpSet": [
									{
										"Primary": true,
										"PrivateIpAddress": "172.30.2.176"
									}
								]
							},
							"Type": "Primary"
						}
					]
				},
				"OSName": "CentOS  8.4 64位",
				"OSNameEn": "CentOS  8.4 64 bit",
				"OSType": "linux",
				"OperationLocks": {
					"LockReason": []
				},
				"PublicIpAddress": {
					"IpAddress": []
				},
				"Recyclable": false,
				"RegionId": "cn-zhangjiakou",
				"ResourceGroupId": "rg-acfmznbbajghpaq",
				"SaleCycle": "",
				"SecurityGroupIds": {
					"SecurityGroupId": [
						"sg-8vb87jnn7iq7gzp6d01q"
					]
				},
				"SerialNumber": "5229e231-c9e4-4487-8eb4-3d91325d077a",
				"SpotPriceLimit": 0,
				"SpotStrategy": "NoSpot",
				"StartTime": "2021-11-11T07:44Z",
				"Status": "Running",
				"StoppedMode": "Not-applicable",
				"VlanId": "",
				"VpcAttributes": {
					"NatIpAddress": "",
					"PrivateIpAddress": {
						"IpAddress": [
							"172.30.2.176"
						]
					},
					"VSwitchId": "vsw-8vbn0qdm4x187nnxcjadp",
					"VpcId": "vpc-8vbnw6ctxc4bytuozzv3m"
				},
				"ZoneId": "cn-zhangjiakou-b"
			},
			{
				"AutoReleaseTime": "",
				"ClusterId": "",
				"Cpu": 1,
				"CpuOptions": {
					"CoreCount": 1,
					"Numa": "",
					"ThreadsPerCore": 1
				},
				"CreationTime": "2021-08-13T18:12Z",
				"CreditSpecification": "",
				"DedicatedHostAttribute": {
					"DedicatedHostClusterId": "",
					"DedicatedHostId": "",
					"DedicatedHostName": ""
				},
				"DedicatedInstanceAttribute": {
					"Affinity": "",
					"Tenancy": ""
				},
				"DeletionProtection": false,
				"DeploymentSetId": "",
				"Description": "",
				"DeviceAvailable": true,
				"EcsCapacityReservationAttr": {
					"CapacityReservationId": "",
					"CapacityReservationPreference": ""
				},
				"EipAddress": {
					"AllocationId": "",
					"InternetChargeType": "",
					"IpAddress": ""
				},
				"ExpiredTime": "2022-03-14T16:00Z",
				"GPUAmount": 0,
				"GPUSpec": "",
				"HibernationOptions": {
					"Configured": false
				},
				"HostName": "iZ8vb6lulg39p8fky7eya0Z",
				"ImageId": "m-8vb2f4jtd0in6od8qvt4",
				"InnerIpAddress": {
					"IpAddress": []
				},
				"InstanceChargeType": "PrePaid",
				"InstanceId": "i-8vb6lulg39p8fky7eya0",
				"InstanceName": "launch-advisor-20210814",
				"InstanceNetworkType": "vpc",
				"InstanceType": "ecs.s6-c1m2.small",
				"InstanceTypeFamily": "ecs.s6",
				"InternetChargeType": "PayByBandwidth",
				"InternetMaxBandwidthIn": 100,
				"InternetMaxBandwidthOut": 1,
				"IoOptimized": true,
				"Memory": 2048,
				"MetadataOptions": {
					"HttpEndpoint": "",
					"HttpTokens": ""
				},
				"NetworkInterfaces": {
					"NetworkInterface": [
						{
							"MacAddress": "00:16:3e:04:cd:a2",
							"NetworkInterfaceId": "eni-8vb4oel104z7z1wy29di",
							"PrimaryIpAddress": "172.30.2.172",
							"PrivateIpSets": {
								"PrivateIpSet": [
									{
										"Primary": true,
										"PrivateIpAddress": "172.30.2.172"
									}
								]
							},
							"Type": "Primary"
						}
					]
				},
				"OSName": "CentOS  8.4 64位",
				"OSNameEn": "CentOS  8.4 64 bit",
				"OSType": "linux",
				"OperationLocks": {
					"LockReason": []
				},
				"PublicIpAddress": {
					"IpAddress": [
						"39.99.153.25"
					]
				},
				"Recyclable": false,
				"RegionId": "cn-zhangjiakou",
				"ResourceGroupId": "",
				"SaleCycle": "",
				"SecurityGroupIds": {
					"SecurityGroupId": [
						"sg-8vb87jnn7iq7gzp6d01q"
					]
				},
				"SerialNumber": "98c01f02-4120-4158-a046-3903bc3a3cd6",
				"SpotPriceLimit": 0,
				"SpotStrategy": "NoSpot",
				"StartTime": "2021-11-11T04:19Z",
				"Status": "Running",
				"StoppedMode": "Not-applicable",
				"Tags": {
					"Tag": [
						{
							"TagKey": "主机名",
							"TagValue": "VM02"
						}
					]
				},
				"VlanId": "",
				"VpcAttributes": {
					"NatIpAddress": "",
					"PrivateIpAddress": {
						"IpAddress": [
							"172.30.2.172"
						]
					},
					"VSwitchId": "vsw-8vbn0qdm4x187nnxcjadp",
					"VpcId": "vpc-8vbnw6ctxc4bytuozzv3m"
				},
				"ZoneId": "cn-zhangjiakou-b"
			},
			{
				"AutoReleaseTime": "",
				"ClusterId": "",
				"Cpu": 1,
				"CpuOptions": {
					"CoreCount": 1,
					"Numa": "",
					"ThreadsPerCore": 1
				},
				"CreationTime": "2021-08-03T08:11Z",
				"CreditSpecification": "Standard",
				"DedicatedHostAttribute": {
					"DedicatedHostClusterId": "",
					"DedicatedHostId": "",
					"DedicatedHostName": ""
				},
				"DedicatedInstanceAttribute": {
					"Affinity": "",
					"Tenancy": ""
				},
				"DeletionProtection": false,
				"DeploymentSetId": "",
				"Description": "VM01",
				"DeviceAvailable": true,
				"EcsCapacityReservationAttr": {
					"CapacityReservationId": "",
					"CapacityReservationPreference": ""
				},
				"EipAddress": {
					"AllocationId": "",
					"InternetChargeType": "",
					"IpAddress": ""
				},
				"ExpiredTime": "2022-03-03T16:00Z",
				"GPUAmount": 0,
				"GPUSpec": "",
				"HibernationOptions": {
					"Configured": false
				},
				"HostName": "VM01",
				"ImageId": "centos_8_4_x64_20G_alibase_20210824.vhd",
				"InnerIpAddress": {
					"IpAddress": []
				},
				"InstanceChargeType": "PrePaid",
				"InstanceId": "i-8vb6whjybmakura3386p",
				"InstanceName": "iZ8vb6whjybmakura3386pZ",
				"InstanceNetworkType": "vpc",
				"InstanceType": "ecs.t5-lc1m2.small",
				"InstanceTypeFamily": "ecs.t5",
				"InternetChargeType": "PayByBandwidth",
				"InternetMaxBandwidthIn": 200,
				"InternetMaxBandwidthOut": 1,
				"IoOptimized": true,
				"Memory": 2048,
				"MetadataOptions": {
					"HttpEndpoint": "",
					"HttpTokens": ""
				},
				"NetworkInterfaces": {
					"NetworkInterface": [
						{
							"MacAddress": "00:16:3e:10:b7:57",
							"NetworkInterfaceId": "eni-8vb87jnn7iq7gzpbbpcf",
							"PrimaryIpAddress": "172.30.2.171",
							"PrivateIpSets": {
								"PrivateIpSet": [
									{
										"Primary": true,
										"PrivateIpAddress": "172.30.2.171"
									}
								]
							},
							"Type": "Primary"
						}
					]
				},
				"OSName": "CentOS  8.4 64位",
				"OSNameEn": "CentOS  8.4 64 bit",
				"OSType": "linux",
				"OperationLocks": {
					"LockReason": []
				},
				"PublicIpAddress": {
					"IpAddress": [
						"39.99.150.215"
					]
				},
				"Recyclable": false,
				"RegionId": "cn-zhangjiakou",
				"ResourceGroupId": "",
				"SaleCycle": "",
				"SecurityGroupIds": {
					"SecurityGroupId": [
						"sg-8vb87jnn7iq7gzp6d01q"
					]
				},
				"SerialNumber": "2873cdaa-818c-4813-bda8-5b2a1134125d",
				"SpotPriceLimit": 0,
				"SpotStrategy": "NoSpot",
				"StartTime": "2021-09-29T07:21Z",
				"Status": "Running",
				"StoppedMode": "Not-applicable",
				"VlanId": "",
				"VpcAttributes": {
					"NatIpAddress": "",
					"PrivateIpAddress": {
						"IpAddress": [
							"172.30.2.171"
						]
					},
					"VSwitchId": "vsw-8vbn0qdm4x187nnxcjadp",
					"VpcId": "vpc-8vbnw6ctxc4bytuozzv3m"
				},
				"ZoneId": "cn-zhangjiakou-b"
			}
		]
	},
	"NextToken": "7a758b45874db76a68c68128d9ebd27046263c3e80eac597e0b5e8707e68181f",
	"PageNumber": 1,
	"PageSize": 10,
	"RequestId": "27BBD6B2-CE11-5647-9B62-D324D4CDF7F4",
	"TotalCount": 3
}
