{
	"Instances": {
		"Instance": [
			{
				"AutoReleaseTime": "",
				"ClusterId": "",
				"Cpu": 1,
				"CpuOptions": {
					"CoreCount": 1,
					"Numa": "",
					"ThreadsPerCore": 1
				},
				"CreationTime": "2021-08-03T08:11Z",
				"CreditSpecification": "Standard",
				"DedicatedHostAttribute": {
					"DedicatedHostClusterId": "",
					"DedicatedHostId": "",
					"DedicatedHostName": ""
				},
				"DedicatedInstanceAttribute": {
					"Affinity": "",
					"Tenancy": ""
				},
				"DeletionProtection": false,
				"DeploymentSetId": "",
				"Description": "VM01",
				"DeviceAvailable": true,
				"EcsCapacityReservationAttr": {
					"CapacityReservationId": "",
					"CapacityReservationPreference": ""
				},
				"EipAddress": {
					"AllocationId": "",
					"InternetChargeType": "",
					"IpAddress": ""
				},
				"ExpiredTime": "2022-03-03T16:00Z",
				"GPUAmount": 0,
				"GPUSpec": "",
				"HibernationOptions": {
					"Configured": false
				},
				"HostName": "VM01",
				"ImageId": "centos_8_4_x64_20G_alibase_20210824.vhd",
				"InnerIpAddress": {
					"IpAddress": []
				},
				"InstanceChargeType": "PrePaid",
				"InstanceId": "i-8vb6whjybmakura3386p",
				"InstanceName": "iZ8vb6whjybmakura3386pZ",
				"InstanceNetworkType": "vpc",
				"InstanceType": "ecs.t5-lc1m2.small",
				"InstanceTypeFamily": "ecs.t5",
				"InternetChargeType": "PayByBandwidth",
				"InternetMaxBandwidthIn": 200,
				"InternetMaxBandwidthOut": 1,
				"IoOptimized": true,
				"Memory": 2048,
				"MetadataOptions": {
					"HttpEndpoint": "",
					"HttpTokens": ""
				},
				"NetworkInterfaces": {
					"NetworkInterface": [
						{
							"MacAddress": "00:16:3e:10:b7:57",
							"NetworkInterfaceId": "eni-8vb87jnn7iq7gzpbbpcf",
							"PrimaryIpAddress": "172.30.2.171",
							"PrivateIpSets": {
								"PrivateIpSet": [
									{
										"Primary": true,
										"PrivateIpAddress": "172.30.2.171"
									}
								]
							},
							"Type": "Primary"
						}
					]
				},
				"OSName": "CentOS  8.4 64位",
				"OSNameEn": "CentOS  8.4 64 bit",
				"OSType": "linux",
				"OperationLocks": {
					"LockReason": []
				},
				"PublicIpAddress": {
					"IpAddress": [
						"39.99.150.215"
					]
				},
				"Recyclable": false,
				"RegionId": "cn-zhangjiakou",
				"ResourceGroupId": "",
				"SaleCycle": "",
				"SecurityGroupIds": {
					"SecurityGroupId": [
						"sg-8vb87jnn7iq7gzp6d01q"
					]
				},
				"SerialNumber": "2873cdaa-818c-4813-bda8-5b2a1134125d",
				"SpotPriceLimit": 0,
				"SpotStrategy": "NoSpot",
				"StartTime": "2021-09-29T07:21Z",
				"Status": "Running",
				"StoppedMode": "Not-applicable",
				"VlanId": "",
				"VpcAttributes": {
					"NatIpAddress": "",
					"PrivateIpAddress": {
						"IpAddress": [
							"172.30.2.171"
						]
					},
					"VSwitchId": "vsw-8vbn0qdm4x187nnxcjadp",
					"VpcId": "vpc-8vbnw6ctxc4bytuozzv3m"
				},
				"ZoneId": "cn-zhangjiakou-b"
			}
		]
	},
	"NextToken": "7a758b45874db76a68c68128d9ebd27046263c3e80eac597e0b5e8707e68181f",
	"PageNumber": 1,
	"PageSize": 10,
	"RequestId": "44788E9E-2F0A-580C-8938-412959CC7D97",
	"TotalCount": 1
}
