{
	"Instances": {
		"Instance": [
			{
				"AutoReleaseTime": "2022-12-17T17:22Z",
				"ClusterId": "",
				"Cpu": 1,
				"CpuOptions": {
					"CoreCount": 1,
					"Numa": "",
					"ThreadsPerCore": 1
				},
				"CreationTime": "2022-12-17T09:11Z",
				"CreditSpecification": "",
				"DedicatedHostAttribute": {
					"DedicatedHostClusterId": "",
					"DedicatedHostId": "",
					"DedicatedHostName": ""
				},
				"DedicatedInstanceAttribute": {
					"Affinity": "",
					"Tenancy": ""
				},
				"DeletionProtection": false,
				"DeploymentSetId": "",
				"Description": "",
				"DeviceAvailable": true,
				"EcsCapacityReservationAttr": {
					"CapacityReservationId": "",
					"CapacityReservationPreference": ""
				},
				"EipAddress": {
					"AllocationId": "",
					"InternetChargeType": "",
					"IpAddress": ""
				},
				"ExpiredTime": "2099-12-31T15:59Z",
				"GPUAmount": 0,
				"GPUSpec": "",
				"HibernationOptions": {
					"Configured": false
				},
				"HostName": "iZ8vbe8o42ymyl77o8v1jtZ",
				"ImageId": "m-8vb125m26qkvi102ogdp",
				"ImageOptions": {},
				"InnerIpAddress": {
					"IpAddress": []
				},
				"InstanceChargeType": "PostPaid",
				"InstanceId": "i-8vbe8o42ymyl77o8v1jt",
				"InstanceName": "lab_31_6",
				"InstanceNetworkType": "vpc",
				"InstanceType": "ecs.s6-c1m2.small",
				"InstanceTypeFamily": "ecs.s6",
				"InternetChargeType": "PayByTraffic",
				"InternetMaxBandwidthIn": 100,
				"InternetMaxBandwidthOut": 1,
				"IoOptimized": true,
				"Memory": 2048,
				"MetadataOptions": {
					"HttpEndpoint": "",
					"HttpTokens": ""
				},
				"NetworkInterfaces": {
					"NetworkInterface": [
						{
							"MacAddress": "00:16:3e:08:96:23",
							"NetworkInterfaceId": "eni-8vbd60mhymkaacri7z3d",
							"PrimaryIpAddress": "172.30.10.19",
							"PrivateIpSets": {
								"PrivateIpSet": [
									{
										"Primary": true,
										"PrivateIpAddress": "172.30.10.19"
									}
								]
							},
							"Type": "Primary"
						}
					]
				},
				"OSName": "CentOS  7.9 64位",
				"OSNameEn": "CentOS  7.9 64 bit",
				"OSType": "linux",
				"OperationLocks": {
					"LockReason": []
				},
				"PublicIpAddress": {
					"IpAddress": [
						"47.92.204.243"
					]
				},
				"Recyclable": false,
				"RegionId": "cn-zhangjiakou",
				"ResourceGroupId": "",
				"SaleCycle": "",
				"SecurityGroupIds": {
					"SecurityGroupId": [
						"sg-8vb87jnn7iq7gzp6d01q"
					]
				},
				"SerialNumber": "37b27fd1-1d6d-4b4f-a53b-581925390d15",
				"SpotPriceLimit": 0,
				"SpotStrategy": "NoSpot",
				"StartTime": "2022-12-17T09:11Z",
				"Status": "Running",
				"StoppedMode": "Not-applicable",
				"VlanId": "",
				"VpcAttributes": {
					"NatIpAddress": "",
					"PrivateIpAddress": {
						"IpAddress": [
							"172.30.10.19"
						]
					},
					"VSwitchId": "vsw-8vbn0qdm4x187nnxcjadp",
					"VpcId": "vpc-8vbnw6ctxc4bytuozzv3m"
				},
				"ZoneId": "cn-zhangjiakou-b"
			}
		]
	},
	"NextToken": "",
	"PageNumber": 1,
	"PageSize": 10,
	"RequestId": "9DC79CC6-8F7F-5982-B94D-77AB98C3A473",
	"TotalCount": 1
}
