{
	"Instances": {
		"Instance": [
			{
				"AutoReleaseTime": "2022-12-19T11:11Z",
				"ClusterId": "",
				"Cpu": 1,
				"CpuOptions": {
					"CoreCount": 1,
					"Numa": "",
					"ThreadsPerCore": 1
				},
				"CreationTime": "2022-12-19T03:01Z",
				"CreditSpecification": "",
				"DedicatedHostAttribute": {
					"DedicatedHostClusterId": "",
					"DedicatedHostId": "",
					"DedicatedHostName": ""
				},
				"DedicatedInstanceAttribute": {
					"Affinity": "",
					"Tenancy": ""
				},
				"DeletionProtection": false,
				"DeploymentSetId": "",
				"Description": "",
				"DeviceAvailable": true,
				"EcsCapacityReservationAttr": {
					"CapacityReservationId": "",
					"CapacityReservationPreference": ""
				},
				"EipAddress": {
					"AllocationId": "",
					"InternetChargeType": "",
					"IpAddress": ""
				},
				"ExpiredTime": "2099-12-31T15:59Z",
				"GPUAmount": 0,
				"GPUSpec": "",
				"HibernationOptions": {
					"Configured": false
				},
				"HostName": "iZ8vbe8o42ymym3fuf3hf2Z",
				"ImageId": "m-8vb125m26qkvi102ogdp",
				"ImageOptions": {},
				"InnerIpAddress": {
					"IpAddress": []
				},
				"InstanceChargeType": "PostPaid",
				"InstanceId": "i-8vbe8o42ymym3fuf3hf2",
				"InstanceName": "lab_31_6",
				"InstanceNetworkType": "vpc",
				"InstanceType": "ecs.s6-c1m2.small",
				"InstanceTypeFamily": "ecs.s6",
				"InternetChargeType": "PayByTraffic",
				"InternetMaxBandwidthIn": 100,
				"InternetMaxBandwidthOut": 1,
				"IoOptimized": true,
				"Memory": 2048,
				"MetadataOptions": {
					"HttpEndpoint": "",
					"HttpTokens": ""
				},
				"NetworkInterfaces": {
					"NetworkInterface": [
						{
							"MacAddress": "00:16:3e:03:83:48",
							"NetworkInterfaceId": "eni-8vb08f62w2f8jfddde4v",
							"PrimaryIpAddress": "172.30.10.24",
							"PrivateIpSets": {
								"PrivateIpSet": [
									{
										"Primary": true,
										"PrivateIpAddress": "172.30.10.24"
									}
								]
							},
							"Type": "Primary"
						}
					]
				},
				"OSName": "CentOS  7.9 64位",
				"OSNameEn": "CentOS  7.9 64 bit",
				"OSType": "linux",
				"OperationLocks": {
					"LockReason": []
				},
				"PublicIpAddress": {
					"IpAddress": [
						"47.92.94.228"
					]
				},
				"Recyclable": false,
				"RegionId": "cn-zhangjiakou",
				"ResourceGroupId": "",
				"SaleCycle": "",
				"SecurityGroupIds": {
					"SecurityGroupId": [
						"sg-8vb87jnn7iq7gzp6d01q"
					]
				},
				"SerialNumber": "29b429d5-755d-4dd7-8cde-5a4dccd6a02c",
				"SpotPriceLimit": 0,
				"SpotStrategy": "NoSpot",
				"StartTime": "2022-12-19T03:01Z",
				"Status": "Running",
				"StoppedMode": "Not-applicable",
				"VlanId": "",
				"VpcAttributes": {
					"NatIpAddress": "",
					"PrivateIpAddress": {
						"IpAddress": [
							"172.30.10.24"
						]
					},
					"VSwitchId": "vsw-8vbn0qdm4x187nnxcjadp",
					"VpcId": "vpc-8vbnw6ctxc4bytuozzv3m"
				},
				"ZoneId": "cn-zhangjiakou-b"
			}
		]
	},
	"NextToken": "",
	"PageNumber": 1,
	"PageSize": 10,
	"RequestId": "0149300F-9B63-556D-B70C-8A6EFEDA1A67",
	"TotalCount": 1
}
